[debug] [2021-11-13T05:21:03.853Z] ----------------------------------------------------------------------
[debug] [2021-11-13T05:21:03.856Z] Command:       C:\Program Files\nodejs\node.exe C:\Users\Ripon\AppData\Roaming\npm\node_modules\firebase-tools\lib\bin\firebase.js deploy
[debug] [2021-11-13T05:21:03.856Z] CLI Version:   9.22.0
[debug] [2021-11-13T05:21:03.856Z] Platform:      win32
[debug] [2021-11-13T05:21:03.856Z] Node Version:  v14.18.0
[debug] [2021-11-13T05:21:03.897Z] Time:          Sat Nov 13 2021 10:51:03 GMT+0530 (India Standard Time)
[debug] [2021-11-13T05:21:03.897Z] ----------------------------------------------------------------------
[debug] 
[debug] [2021-11-13T05:21:04.009Z] > command requires scopes: ["email","openid","https://www.googleapis.com/auth/cloudplatformprojects.readonly","https://www.googleapis.com/auth/firebase","https://www.googleapis.com/auth/cloud-platform"]
[debug] [2021-11-13T05:21:04.010Z] > authorizing via signed-in user (riponbiswasfilms@gmail.com)
[debug] [2021-11-13T05:21:04.010Z] [iam] checking project tinder-clone-react-cb80a for permissions ["firebase.projects.get","firebasehosting.sites.update"]
[debug] [2021-11-13T05:21:04.013Z] >>> HTTP REQUEST POST https://cloudresourcemanager.googleapis.com/v1/projects/tinder-clone-react-cb80a:testIamPermissions  
 {"permissions":["firebase.projects.get","firebasehosting.sites.update"]}
[debug] [2021-11-13T05:21:06.347Z] <<< HTTP RESPONSE 200 {"content-type":"application/json; charset=UTF-8","vary":"X-Origin, Referer, Origin,Accept-Encoding","date":"Mon, 15 Nov 2021 16:31:39 GMT","server":"ESF","cache-control":"private","x-xss-protection":"0","x-frame-options":"SAMEORIGIN","x-content-type-options":"nosniff","server-timing":"gfet4t7; dur=1382","alt-svc":"clear","accept-ranges":"none","transfer-encoding":"chunked"}
[debug] [2021-11-13T05:21:06.349Z] > refreshing access token with scopes: []
[debug] [2021-11-13T05:21:06.350Z] >>> HTTP REQUEST POST https://www.googleapis.com/oauth2/v3/token  
 <request body omitted>
[debug] [2021-11-13T05:21:06.709Z] <<< HTTP RESPONSE 200 {"expires":"Mon, 01 Jan 1990 00:00:00 GMT","date":"Mon, 15 Nov 2021 16:31:39 GMT","cache-control":"no-cache, no-store, max-age=0, must-revalidate","pragma":"no-cache","content-type":"application/json; charset=utf-8","vary":"X-Origin, Referer, Origin,Accept-Encoding","server":"scaffolding on HTTPServer2","x-xss-protection":"0","x-frame-options":"SAMEORIGIN","x-content-type-options":"nosniff","alt-svc":"clear","accept-ranges":"none","transfer-encoding":"chunked"}
[debug] [2021-11-13T05:21:06.789Z] >>> [apiv2][query] GET https://firebase.googleapis.com/v1beta1/projects/tinder-clone-react-cb80a [none]
[debug] [2021-11-13T05:21:11.931Z] <<< [apiv2][status] GET https://firebase.googleapis.com/v1beta1/projects/tinder-clone-react-cb80a 200
[debug] [2021-11-13T05:21:11.931Z] <<< [apiv2][body] GET https://firebase.googleapis.com/v1beta1/projects/tinder-clone-react-cb80a {"projectId":"tinder-clone-react-cb80a","projectNumber":"720252144973","displayName":"tinder-clone-react","name":"projects/tinder-clone-react-cb80a","resources":{"hostingSite":"tinder-clone-react-cb80a"},"state":"ACTIVE"}
[info] 
[info] === Deploying to 'tinder-clone-react-cb80a'...
[info] 
[info] i  deploying hosting 
[debug] [2021-11-13T05:21:11.938Z] > refreshing access token with scopes: ["email","https://www.googleapis.com/auth/cloud-platform","https://www.googleapis.com/auth/cloudplatformprojects.readonly","https://www.googleapis.com/auth/firebase","openid"]
[debug] [2021-11-13T05:21:11.938Z] >>> HTTP REQUEST POST https://www.googleapis.com/oauth2/v3/token  
 <request body omitted>
[debug] [2021-11-13T05:21:12.185Z] <<< HTTP RESPONSE 200 {"cache-control":"no-cache, no-store, max-age=0, must-revalidate","expires":"Mon, 01 Jan 1990 00:00:00 GMT","pragma":"no-cache","date":"Mon, 15 Nov 2021 16:31:45 GMT","content-type":"application/json; charset=utf-8","vary":"X-Origin, Referer, Origin,Accept-Encoding","server":"scaffolding on HTTPServer2","x-xss-protection":"0","x-frame-options":"SAMEORIGIN","x-content-type-options":"nosniff","alt-svc":"clear","accept-ranges":"none","transfer-encoding":"chunked"}
[debug] [2021-11-13T05:21:12.235Z] >>> HTTP REQUEST POST https://firebasehosting.googleapis.com/v1beta1/sites/tinder-clone-react-cb80a/versions  
 {"config":{"rewrites":[{"glob":"**","path":"/index.html"}]},"labels":{"deployment-tool":"cli-firebase"}}
[debug] [2021-11-13T05:21:16.956Z] <<< HTTP RESPONSE 200 {"content-type":"application/json; charset=UTF-8","vary":"X-Origin, Referer, Origin,Accept-Encoding","date":"Mon, 15 Nov 2021 16:31:49 GMT","server":"ESF","cache-control":"private","x-xss-protection":"0","x-frame-options":"SAMEORIGIN","x-content-type-options":"nosniff","alt-svc":"clear","accept-ranges":"none","transfer-encoding":"chunked"}
[info] i  hosting[tinder-clone-react-cb80a]: beginning deploy... 
[info] i  hosting[tinder-clone-react-cb80a]: found 16 files in build 
[debug] [2021-11-13T05:21:17.146Z] > refreshing access token with scopes: []
[debug] [2021-11-13T05:21:17.146Z] >>> HTTP REQUEST POST https://www.googleapis.com/oauth2/v3/token  
 <request body omitted>
[debug] [2021-11-13T05:21:17.149Z] [hosting] hash cache [YnVpbGQ] stored for 16 files
[debug] [2021-11-13T05:21:17.149Z] [hosting][hash queue][FINAL] {"max":138,"min":7,"avg":22.375,"active":0,"complete":16,"success":16,"errored":0,"retried":0,"total":16,"elapsed":150}
[debug] [2021-11-13T05:21:17.383Z] <<< HTTP RESPONSE 200 {"expires":"Mon, 01 Jan 1990 00:00:00 GMT","date":"Mon, 15 Nov 2021 16:31:50 GMT","cache-control":"no-cache, no-store, max-age=0, must-revalidate","pragma":"no-cache","content-type":"application/json; charset=utf-8","vary":"X-Origin, Referer, Origin,Accept-Encoding","server":"scaffolding on HTTPServer2","x-xss-protection":"0","x-frame-options":"SAMEORIGIN","x-content-type-options":"nosniff","alt-svc":"clear","accept-ranges":"none","transfer-encoding":"chunked"}
[debug] [2021-11-13T05:21:17.422Z] >>> [apiv2][query] POST https://firebasehosting.googleapis.com/v1beta1/sites/tinder-clone-react-cb80a/versions/f2e791cf8d75aba6:populateFiles [none]
[debug] [2021-11-13T05:21:17.422Z] >>> [apiv2][body] POST https://firebasehosting.googleapis.com/v1beta1/sites/tinder-clone-react-cb80a/versions/f2e791cf8d75aba6:populateFiles {"files":{"/logo192.png":"3ee59515172ee198f3be375979df15ac5345183e656720a381b8872b2a39dc8b","/logo512.png":"ee7e2f3fdb8209c4b6fd7bef6ba50d1b9dba30a25bb5c3126df057e1cb6f5331","/manifest.json":"aff3449bdc238776f5d6d967f19ec491b36aed5fb7f23ccff6500736fd58494a","/robots.txt":"bfe106a3fb878dc83461c86818bf74fc1bdc7f28538ba613cd3e775516ce8b49","/tindericon.ico":"f63f5cc7caad4c3eec8c9c156a104b6766200946767bd980c0219a600da8bf6a","/asset-manifest.json":"07b66a5f6b01927404338f5398299b77c27c1487a7d7645e5de1e3e86386befb","/index.html":"7439094f1a6ac429973f6d2cc11b3f72f4910069289163ee887f902f03370291","/static/css/main.23799a17.chunk.css":"0303fd90ef8b9054ee33e0f615a96e7224cdb54c9ae9427181b4c1c4166eb0f5","/static/css/main.23799a17.chunk.css.map":"4fc9a705cd2ba4fe16edc73a118c9475c91946f7d4751c7893c4822b9a37ff5a","/static/js/2.e49e8968.chunk.js.LICENSE.txt":"b15a15acfd643366904fefddcda88549b9b1c9250ec72c82f1d2bf4a88d68f1f","/static/js/runtime-main.4420a541.js":"57af604216af13f351a803579277fe4c83601daa92272736fe417a246786ea14","/static/js/runtime-main.4420a541.js.map":"1af5075a5215a8040c16b60d1076635d3f38d06d69d37493dc5c8ac2326e2d5d","/static/js/main.79f04573.chunk.js":"c867b9eb763dfbda8785cc4317d4c8e2b8bc63246717b5600a945a05255430ca","/static/js/main.79f04573.chunk.js.map":"e0326a60118e19afe77e4ff7751d4eab370f8458e6da87b0a18129cb7233fcb9","/static/js/2.e49e8968.chunk.js":"865966ea7c7f07bd1d116bd9327cfa4ae38c8fd88a116ab4617504bff29478af","/static/js/2.e49e8968.chunk.js.map":"4e5726d6da7ff35f34ea357e0c4b7680389211870df643f145e90c203f2bbe03"}}
[debug] [2021-11-13T05:21:19.525Z] <<< [apiv2][status] POST https://firebasehosting.googleapis.com/v1beta1/sites/tinder-clone-react-cb80a/versions/f2e791cf8d75aba6:populateFiles 200
[debug] [2021-11-13T05:21:19.525Z] <<< [apiv2][body] POST https://firebasehosting.googleapis.com/v1beta1/sites/tinder-clone-react-cb80a/versions/f2e791cf8d75aba6:populateFiles {"uploadRequiredHashes":["0303fd90ef8b9054ee33e0f615a96e7224cdb54c9ae9427181b4c1c4166eb0f5","4fc9a705cd2ba4fe16edc73a118c9475c91946f7d4751c7893c4822b9a37ff5a","7439094f1a6ac429973f6d2cc11b3f72f4910069289163ee887f902f03370291","07b66a5f6b01927404338f5398299b77c27c1487a7d7645e5de1e3e86386befb"],"uploadUrl":"https://upload-firebasehosting.googleapis.com/upload/sites/tinder-clone-react-cb80a/versions/f2e791cf8d75aba6/files"}
[debug] [2021-11-13T05:21:19.527Z] >>> [apiv2][query] POST https://upload-firebasehosting.googleapis.com/upload/sites/tinder-clone-react-cb80a/versions/f2e791cf8d75aba6/files/0303fd90ef8b9054ee33e0f615a96e7224cdb54c9ae9427181b4c1c4166eb0f5 [none]
[debug] [2021-11-13T05:21:19.527Z] >>> [apiv2][body] POST https://upload-firebasehosting.googleapis.com/upload/sites/tinder-clone-react-cb80a/versions/f2e791cf8d75aba6/files/0303fd90ef8b9054ee33e0f615a96e7224cdb54c9ae9427181b4c1c4166eb0f5 [stream]
[debug] [2021-11-13T05:21:19.529Z] >>> [apiv2][query] POST https://upload-firebasehosting.googleapis.com/upload/sites/tinder-clone-react-cb80a/versions/f2e791cf8d75aba6/files/4fc9a705cd2ba4fe16edc73a118c9475c91946f7d4751c7893c4822b9a37ff5a [none]
[debug] [2021-11-13T05:21:19.529Z] >>> [apiv2][body] POST https://upload-firebasehosting.googleapis.com/upload/sites/tinder-clone-react-cb80a/versions/f2e791cf8d75aba6/files/4fc9a705cd2ba4fe16edc73a118c9475c91946f7d4751c7893c4822b9a37ff5a [stream]
[debug] [2021-11-13T05:21:19.530Z] >>> [apiv2][query] POST https://upload-firebasehosting.googleapis.com/upload/sites/tinder-clone-react-cb80a/versions/f2e791cf8d75aba6/files/7439094f1a6ac429973f6d2cc11b3f72f4910069289163ee887f902f03370291 [none]
[debug] [2021-11-13T05:21:19.530Z] >>> [apiv2][body] POST https://upload-firebasehosting.googleapis.com/upload/sites/tinder-clone-react-cb80a/versions/f2e791cf8d75aba6/files/7439094f1a6ac429973f6d2cc11b3f72f4910069289163ee887f902f03370291 [stream]
[debug] [2021-11-13T05:21:19.532Z] >>> [apiv2][query] POST https://upload-firebasehosting.googleapis.com/upload/sites/tinder-clone-react-cb80a/versions/f2e791cf8d75aba6/files/07b66a5f6b01927404338f5398299b77c27c1487a7d7645e5de1e3e86386befb [none]
[debug] [2021-11-13T05:21:19.533Z] >>> [apiv2][body] POST https://upload-firebasehosting.googleapis.com/upload/sites/tinder-clone-react-cb80a/versions/f2e791cf8d75aba6/files/07b66a5f6b01927404338f5398299b77c27c1487a7d7645e5de1e3e86386befb [stream]
[debug] [2021-11-13T05:21:19.535Z] [hosting][populate queue][FINAL] {"max":2381,"min":2381,"avg":2381,"active":0,"complete":1,"success":1,"errored":0,"retried":0,"total":1,"elapsed":2389}
[debug] [2021-11-13T05:21:19.536Z] [hosting] uploads queued: 4
[debug] [2021-11-13T05:21:31.356Z] [uploadQueue] Retrying task 0303fd90ef8b9054ee33e0f615a96e7224cdb54c9ae9427181b4c1c4166eb0f5
[debug] [2021-11-13T05:21:31.357Z] >>> [apiv2][query] POST https://upload-firebasehosting.googleapis.com/upload/sites/tinder-clone-react-cb80a/versions/f2e791cf8d75aba6/files/0303fd90ef8b9054ee33e0f615a96e7224cdb54c9ae9427181b4c1c4166eb0f5 [none]
[debug] [2021-11-13T05:21:31.357Z] >>> [apiv2][body] POST https://upload-firebasehosting.googleapis.com/upload/sites/tinder-clone-react-cb80a/versions/f2e791cf8d75aba6/files/0303fd90ef8b9054ee33e0f615a96e7224cdb54c9ae9427181b4c1c4166eb0f5 [stream]
[debug] [2021-11-13T05:21:31.358Z] [uploadQueue] Retrying task 4fc9a705cd2ba4fe16edc73a118c9475c91946f7d4751c7893c4822b9a37ff5a
[debug] [2021-11-13T05:21:31.359Z] >>> [apiv2][query] POST https://upload-firebasehosting.googleapis.com/upload/sites/tinder-clone-react-cb80a/versions/f2e791cf8d75aba6/files/4fc9a705cd2ba4fe16edc73a118c9475c91946f7d4751c7893c4822b9a37ff5a [none]
[debug] [2021-11-13T05:21:31.359Z] >>> [apiv2][body] POST https://upload-firebasehosting.googleapis.com/upload/sites/tinder-clone-react-cb80a/versions/f2e791cf8d75aba6/files/4fc9a705cd2ba4fe16edc73a118c9475c91946f7d4751c7893c4822b9a37ff5a [stream]
[debug] [2021-11-13T05:21:42.767Z] [uploadQueue] Retrying task 7439094f1a6ac429973f6d2cc11b3f72f4910069289163ee887f902f03370291
[debug] [2021-11-13T05:21:42.767Z] >>> [apiv2][query] POST https://upload-firebasehosting.googleapis.com/upload/sites/tinder-clone-react-cb80a/versions/f2e791cf8d75aba6/files/7439094f1a6ac429973f6d2cc11b3f72f4910069289163ee887f902f03370291 [none]
[debug] [2021-11-13T05:21:42.767Z] >>> [apiv2][body] POST https://upload-firebasehosting.googleapis.com/upload/sites/tinder-clone-react-cb80a/versions/f2e791cf8d75aba6/files/7439094f1a6ac429973f6d2cc11b3f72f4910069289163ee887f902f03370291 [stream]
[debug] [2021-11-13T05:21:42.769Z] [uploadQueue] Retrying task 07b66a5f6b01927404338f5398299b77c27c1487a7d7645e5de1e3e86386befb
[debug] [2021-11-13T05:21:42.769Z] >>> [apiv2][query] POST https://upload-firebasehosting.googleapis.com/upload/sites/tinder-clone-react-cb80a/versions/f2e791cf8d75aba6/files/07b66a5f6b01927404338f5398299b77c27c1487a7d7645e5de1e3e86386befb [none]
[debug] [2021-11-13T05:21:42.769Z] >>> [apiv2][body] POST https://upload-firebasehosting.googleapis.com/upload/sites/tinder-clone-react-cb80a/versions/f2e791cf8d75aba6/files/07b66a5f6b01927404338f5398299b77c27c1487a7d7645e5de1e3e86386befb [stream]
[debug] [2021-11-13T05:21:45.593Z] <<< [apiv2][status] POST https://upload-firebasehosting.googleapis.com/upload/sites/tinder-clone-react-cb80a/versions/f2e791cf8d75aba6/files/4fc9a705cd2ba4fe16edc73a118c9475c91946f7d4751c7893c4822b9a37ff5a 200
[debug] [2021-11-13T05:21:45.593Z] <<< [apiv2][body] POST https://upload-firebasehosting.googleapis.com/upload/sites/tinder-clone-react-cb80a/versions/f2e791cf8d75aba6/files/4fc9a705cd2ba4fe16edc73a118c9475c91946f7d4751c7893c4822b9a37ff5a [stream]
[debug] [2021-11-13T05:21:45.594Z] <<< [apiv2][status] POST https://upload-firebasehosting.googleapis.com/upload/sites/tinder-clone-react-cb80a/versions/f2e791cf8d75aba6/files/7439094f1a6ac429973f6d2cc11b3f72f4910069289163ee887f902f03370291 200
[debug] [2021-11-13T05:21:45.594Z] <<< [apiv2][body] POST https://upload-firebasehosting.googleapis.com/upload/sites/tinder-clone-react-cb80a/versions/f2e791cf8d75aba6/files/7439094f1a6ac429973f6d2cc11b3f72f4910069289163ee887f902f03370291 [stream]
[debug] [2021-11-13T05:21:45.613Z] <<< [apiv2][status] POST https://upload-firebasehosting.googleapis.com/upload/sites/tinder-clone-react-cb80a/versions/f2e791cf8d75aba6/files/07b66a5f6b01927404338f5398299b77c27c1487a7d7645e5de1e3e86386befb 200
[debug] [2021-11-13T05:21:45.613Z] <<< [apiv2][body] POST https://upload-firebasehosting.googleapis.com/upload/sites/tinder-clone-react-cb80a/versions/f2e791cf8d75aba6/files/07b66a5f6b01927404338f5398299b77c27c1487a7d7645e5de1e3e86386befb [stream]
[debug] [2021-11-13T05:21:45.620Z] <<< [apiv2][status] POST https://upload-firebasehosting.googleapis.com/upload/sites/tinder-clone-react-cb80a/versions/f2e791cf8d75aba6/files/0303fd90ef8b9054ee33e0f615a96e7224cdb54c9ae9427181b4c1c4166eb0f5 200
[debug] [2021-11-13T05:21:45.620Z] <<< [apiv2][body] POST https://upload-firebasehosting.googleapis.com/upload/sites/tinder-clone-react-cb80a/versions/f2e791cf8d75aba6/files/0303fd90ef8b9054ee33e0f615a96e7224cdb54c9ae9427181b4c1c4166eb0f5 [stream]
[debug] [2021-11-13T05:21:45.621Z] [hosting][upload queue][FINAL] {"max":14264,"min":2828,"avg":8542.75,"active":0,"complete":4,"success":4,"errored":0,"retried":4,"total":4,"elapsed":26096}
[info] +  hosting[tinder-clone-react-cb80a]: file upload complete 
[debug] [2021-11-13T05:21:45.622Z] [hosting] deploy completed after 28664ms
[debug] [2021-11-13T05:21:45.647Z] [
  {
    "config": {
      "public": "build",
      "ignore": [
        "firebase.json",
        "**/.*",
        "**/node_modules/**"
      ],
      "rewrites": [
        {
          "source": "**",
          "destination": "/index.html"
        }
      ],
      "site": "tinder-clone-react-cb80a"
    },
    "site": "tinder-clone-react-cb80a",
    "version": "sites/tinder-clone-react-cb80a/versions/f2e791cf8d75aba6"
  }
]
[info] i  hosting[tinder-clone-react-cb80a]: finalizing version... 
[debug] [2021-11-13T05:21:45.651Z] > refreshing access token with scopes: ["email","https://www.googleapis.com/auth/cloud-platform","https://www.googleapis.com/auth/cloudplatformprojects.readonly","https://www.googleapis.com/auth/firebase","openid"]
[debug] [2021-11-13T05:21:45.651Z] >>> HTTP REQUEST POST https://www.googleapis.com/oauth2/v3/token  
 <request body omitted>
[debug] [2021-11-13T05:21:45.906Z] <<< HTTP RESPONSE 200 {"pragma":"no-cache","expires":"Mon, 01 Jan 1990 00:00:00 GMT","date":"Mon, 15 Nov 2021 16:32:18 GMT","cache-control":"no-cache, no-store, max-age=0, must-revalidate","content-type":"application/json; charset=utf-8","vary":"X-Origin, Referer, Origin,Accept-Encoding","server":"scaffolding on HTTPServer2","x-xss-protection":"0","x-frame-options":"SAMEORIGIN","x-content-type-options":"nosniff","alt-svc":"clear","accept-ranges":"none","transfer-encoding":"chunked"}
[debug] [2021-11-13T05:21:45.984Z] >>> HTTP REQUEST PATCH https://firebasehosting.googleapis.com/v1beta1/sites/tinder-clone-react-cb80a/versions/f2e791cf8d75aba6?updateMask=status  
 {"status":"FINALIZED"}
[debug] [2021-11-13T05:21:48.065Z] <<< HTTP RESPONSE 200 {"content-type":"application/json; charset=UTF-8","vary":"X-Origin, Referer, Origin,Accept-Encoding","date":"Mon, 15 Nov 2021 16:32:20 GMT","server":"ESF","cache-control":"private","x-xss-protection":"0","x-frame-options":"SAMEORIGIN","x-content-type-options":"nosniff","alt-svc":"clear","accept-ranges":"none","transfer-encoding":"chunked"}
[debug] [2021-11-13T05:21:48.066Z] [hosting] finalized version for tinder-clone-react-cb80a: {"name":"sites/tinder-clone-react-cb80a/versions/f2e791cf8d75aba6","status":"FINALIZED","config":{"rewrites":[{"glob":"**","path":"/index.html"}]},"labels":{"deployment-tool":"cli-firebase"},"createTime":"2021-11-15T16:31:49.234308Z","createUser":{"email":"riponbiswasfilms@gmail.com"},"finalizeTime":"2021-11-15T16:32:20.786365Z","finalizeUser":{"email":"riponbiswasfilms@gmail.com"}}
[info] +  hosting[tinder-clone-react-cb80a]: version finalized 
[info] i  hosting[tinder-clone-react-cb80a]: releasing new version... 
[debug] [2021-11-13T05:21:48.068Z] >>> HTTP REQUEST POST https://firebasehosting.googleapis.com/v1beta1/sites/tinder-clone-react-cb80a/releases?version_name=sites/tinder-clone-react-cb80a/versions/f2e791cf8d75aba6  
 {"message":null}
[debug] [2021-11-13T05:21:50.047Z] <<< HTTP RESPONSE 200 {"content-type":"application/json; charset=UTF-8","vary":"X-Origin, Referer, Origin,Accept-Encoding","date":"Mon, 15 Nov 2021 16:32:22 GMT","server":"ESF","cache-control":"private","x-xss-protection":"0","x-frame-options":"SAMEORIGIN","x-content-type-options":"nosniff","alt-svc":"clear","accept-ranges":"none","transfer-encoding":"chunked"}
[debug] [2021-11-13T05:21:50.048Z] [hosting] release: {"name":"sites/tinder-clone-react-cb80a/releases/1636993942104611","version":{"name":"sites/tinder-clone-react-cb80a/versions/f2e791cf8d75aba6","status":"FINALIZED","config":{"rewrites":[{"glob":"**","path":"/index.html"}]},"labels":{"deployment-tool":"cli-firebase"},"createTime":"2021-11-15T16:31:49.234308Z","createUser":{"email":"riponbiswasfilms@gmail.com"},"finalizeTime":"2021-11-15T16:32:20.786365Z","finalizeUser":{"email":"riponbiswasfilms@gmail.com"}},"type":"DEPLOY","releaseTime":"2021-11-15T16:32:22.104611820Z","releaseUser":{"email":"riponbiswasfilms@gmail.com"}}
[info] +  hosting[tinder-clone-react-cb80a]: release complete 
[info] 
[info] +  Deploy complete! 
[info] 
[info] Project Console: https://console.firebase.google.com/project/tinder-clone-react-cb80a/overview
[info] Hosting URL: https://tinder-clone-react-cb80a.web.app
